<?xml version="1.0" encoding="UTF-8"?>
<robot generator="Robot 6.0.2 (Python 3.9.7 on win32)" generated="20230323 15:26:33.493" rpa="false" schemaversion="3">
<suite id="s1" name="Hello" source="F:\2023\Training\RobotFramework\hello.robot">
<test id="s1-t1" name="Found data from google with Keyword robot" line="12">
<kw name="เปิด browser เพื่อเข้าใช้งาน google.com">
<kw name="Open Browser" library="SeleniumLibrary">
<arg>${MY_URL}</arg>
<arg>browser=${MY_BROWSER}</arg>
<arg>options=add_experimental_option("detach", True)</arg>
<doc>Opens a new browser instance to the optional ``url``.</doc>
<msg timestamp="20230323 15:26:33.797" level="INFO">Opening browser 'edge' to base url 'https://www.google.com/'.</msg>
<msg timestamp="20230323 15:26:33.836" level="INFO">Cannot capture screenshot because no browser is open.</msg>
<msg timestamp="20230323 15:26:33.836" level="FAIL">WebDriverException: Message: 'msedgedriver' executable needs to be in PATH. Please download from https://developer.microsoft.com/en-us/microsoft-edge/tools/webdriver/
</msg>
<status status="FAIL" starttime="20230323 15:26:33.796" endtime="20230323 15:26:33.875"/>
</kw>
<kw name="Maximize Browser Window" library="SeleniumLibrary">
<doc>Maximizes current browser window.</doc>
<status status="NOT RUN" starttime="20230323 15:26:33.876" endtime="20230323 15:26:33.876"/>
</kw>
<status status="FAIL" starttime="20230323 15:26:33.796" endtime="20230323 15:26:33.876"/>
</kw>
<kw name="ทำการค้นหาด้วยคำว่า robot">
<status status="NOT RUN" starttime="20230323 15:26:33.877" endtime="20230323 15:26:33.877"/>
</kw>
<kw name="ต้องเจอข้อมูลของ robot">
<status status="NOT RUN" starttime="20230323 15:26:33.877" endtime="20230323 15:26:33.877"/>
</kw>
<status status="FAIL" starttime="20230323 15:26:33.795" endtime="20230323 15:26:33.878">WebDriverException: Message: 'msedgedriver' executable needs to be in PATH. Please download from https://developer.microsoft.com/en-us/microsoft-edge/tools/webdriver/
</status>
</test>
<status status="FAIL" starttime="20230323 15:26:33.500" endtime="20230323 15:26:33.881"/>
</suite>
<statistics>
<total>
<stat pass="0" fail="1" skip="0">All Tests</stat>
</total>
<tag>
</tag>
<suite>
<stat pass="0" fail="1" skip="0" id="s1" name="Hello">Hello</stat>
</suite>
</statistics>
<errors>
</errors>
</robot>
