<?xml version="1.0" encoding="UTF-8"?>
<robot generator="Robot 6.0.2 (Python 3.9.7 on win32)" generated="20230324 10:30:56.554" rpa="false" schemaversion="3">
<suite id="s1" name="Homework1" source="F:\2023\Training\RobotFramework\homework1.robot">
<test id="s1-t1" name="Found data from google with Keyword robot" line="12">
<kw name="เปิด browser เพื่อเข้าใช้งาน">
<kw name="Open Browser" library="SeleniumLibrary">
<arg>${MY_URL}</arg>
<arg>browser=${MY_BROWSER}</arg>
<arg>options=add_experimental_option("detach", True)</arg>
<doc>Opens a new browser instance to the optional ``url``.</doc>
<msg timestamp="20230324 10:30:56.922" level="INFO">Opening browser 'gc' to base url 'http://nervgh.github.io/pages/angular-file-upload/examples/simple/'.</msg>
<status status="PASS" starttime="20230324 10:30:56.921" endtime="20230324 10:31:00.503"/>
</kw>
<kw name="Maximize Browser Window" library="SeleniumLibrary">
<doc>Maximizes current browser window.</doc>
<status status="PASS" starttime="20230324 10:31:00.503" endtime="20230324 10:31:00.629"/>
</kw>
<status status="PASS" starttime="20230324 10:30:56.921" endtime="20230324 10:31:00.629"/>
</kw>
<kw name="Choose 3 files">
<kw name="Choose File" library="SeleniumLibrary">
<arg>xpath://div[1]/input[2]</arg>
<arg>F:\\2023\\Training\\RobotFramework/uploads/1.txt</arg>
<doc>Inputs the ``file_path`` into the file input field ``locator``.</doc>
<msg timestamp="20230324 10:31:00.631" level="INFO">Sending F:\2023\Training\RobotFramework\uploads\1.txt to browser.</msg>
<status status="PASS" starttime="20230324 10:31:00.630" endtime="20230324 10:31:00.687"/>
</kw>
<kw name="Choose File" library="SeleniumLibrary">
<arg>xpath://div[1]/input[2]</arg>
<arg>F:\\2023\\Training\\RobotFramework/uploads/2.txt</arg>
<doc>Inputs the ``file_path`` into the file input field ``locator``.</doc>
<msg timestamp="20230324 10:31:00.687" level="INFO">Sending F:\2023\Training\RobotFramework\uploads\2.txt to browser.</msg>
<status status="PASS" starttime="20230324 10:31:00.687" endtime="20230324 10:31:00.721"/>
</kw>
<kw name="Choose File" library="SeleniumLibrary">
<arg>xpath://div[1]/input[2]</arg>
<arg>F:\\2023\\Training\\RobotFramework/uploads/3.txt</arg>
<doc>Inputs the ``file_path`` into the file input field ``locator``.</doc>
<msg timestamp="20230324 10:31:00.722" level="INFO">Sending F:\2023\Training\RobotFramework\uploads\3.txt to browser.</msg>
<status status="PASS" starttime="20230324 10:31:00.721" endtime="20230324 10:31:00.753"/>
</kw>
<status status="PASS" starttime="20230324 10:31:00.630" endtime="20230324 10:31:00.753"/>
</kw>
<kw name="Validate data after choosed 3 files">
<kw name="Get Text" library="SeleniumLibrary">
<var>${data}</var>
<arg>xpath://*[@id="ng-app"]/body/div/div[2]/div[2]/p</arg>
<doc>Returns the text value of the element identified by ``locator``.</doc>
<msg timestamp="20230324 10:31:00.784" level="INFO">${data} = Queue length: 3</msg>
<status status="PASS" starttime="20230324 10:31:00.754" endtime="20230324 10:31:00.784"/>
</kw>
<kw name="Log To Console" library="BuiltIn">
<arg>${data}</arg>
<doc>Logs the given message to the console.</doc>
<status status="PASS" starttime="20230324 10:31:00.785" endtime="20230324 10:31:00.785"/>
</kw>
<kw name="Split String" library="String">
<var>${word}</var>
<arg>${data}</arg>
<arg>${SPACE}</arg>
<arg>2</arg>
<doc>Splits the ``string`` using ``separator`` as a delimiter string.</doc>
<msg timestamp="20230324 10:31:00.786" level="INFO">${word} = ['Queue', 'length:', '3']</msg>
<status status="PASS" starttime="20230324 10:31:00.785" endtime="20230324 10:31:00.786"/>
</kw>
<kw name="Log To Console" library="BuiltIn">
<arg>\n${word[2]}</arg>
<doc>Logs the given message to the console.</doc>
<status status="PASS" starttime="20230324 10:31:00.786" endtime="20230324 10:31:00.787"/>
</kw>
<kw name="Should Be Equal" library="BuiltIn">
<arg>3</arg>
<arg>${word[2]}</arg>
<doc>Fails if the given objects are unequal.</doc>
<status status="PASS" starttime="20230324 10:31:00.787" endtime="20230324 10:31:00.788"/>
</kw>
<status status="PASS" starttime="20230324 10:31:00.754" endtime="20230324 10:31:00.788"/>
</kw>
<kw name="Upload and Validate progress">
<arg>1</arg>
<arg>33</arg>
<kw name="Wait Until Element Is Enabled" library="SeleniumLibrary">
<arg>xpath://table/tbody/tr[${row_no}]/td[5]/button[1]</arg>
<doc>Waits until the element ``locator`` is enabled.</doc>
<status status="PASS" starttime="20230324 10:31:00.788" endtime="20230324 10:31:00.823"/>
</kw>
<kw name="Wait Until Element Is Not Visible" library="SeleniumLibrary">
<arg>xpath://table/tbody/tr[${row_no}]/td[4]/span[3]</arg>
<doc>Waits until the element ``locator`` is not visible.</doc>
<status status="PASS" starttime="20230324 10:31:00.823" endtime="20230324 10:31:00.847"/>
</kw>
<kw name="Click Element" library="SeleniumLibrary">
<arg>xpath://table/tbody/tr[${row_no}]/td[5]/button[1]</arg>
<doc>Click the element identified by ``locator``.</doc>
<msg timestamp="20230324 10:31:00.848" level="INFO">Clicking element 'xpath://table/tbody/tr[1]/td[5]/button[1]'.</msg>
<status status="PASS" starttime="20230324 10:31:00.847" endtime="20230324 10:31:00.891"/>
</kw>
<kw name="Wait Until Element Is Visible" library="SeleniumLibrary">
<arg>xpath://div[@style="width: ${percent_of_progress}%;"]</arg>
<doc>Waits until the element ``locator`` is visible.</doc>
<status status="PASS" starttime="20230324 10:31:00.891" endtime="20230324 10:31:01.135"/>
</kw>
<kw name="Wait Until Element Is Visible" library="SeleniumLibrary">
<arg>xpath://table/tbody/tr[${row_no}]/td[4]/span[3]</arg>
<doc>Waits until the element ``locator`` is visible.</doc>
<status status="PASS" starttime="20230324 10:31:01.135" endtime="20230324 10:31:01.152"/>
</kw>
<status status="PASS" starttime="20230324 10:31:00.788" endtime="20230324 10:31:01.152"/>
</kw>
<kw name="Upload and Validate progress">
<arg>2</arg>
<arg>67</arg>
<kw name="Wait Until Element Is Enabled" library="SeleniumLibrary">
<arg>xpath://table/tbody/tr[${row_no}]/td[5]/button[1]</arg>
<doc>Waits until the element ``locator`` is enabled.</doc>
<status status="PASS" starttime="20230324 10:31:01.153" endtime="20230324 10:31:01.190"/>
</kw>
<kw name="Wait Until Element Is Not Visible" library="SeleniumLibrary">
<arg>xpath://table/tbody/tr[${row_no}]/td[4]/span[3]</arg>
<doc>Waits until the element ``locator`` is not visible.</doc>
<status status="PASS" starttime="20230324 10:31:01.190" endtime="20230324 10:31:01.215"/>
</kw>
<kw name="Click Element" library="SeleniumLibrary">
<arg>xpath://table/tbody/tr[${row_no}]/td[5]/button[1]</arg>
<doc>Click the element identified by ``locator``.</doc>
<msg timestamp="20230324 10:31:01.215" level="INFO">Clicking element 'xpath://table/tbody/tr[2]/td[5]/button[1]'.</msg>
<status status="PASS" starttime="20230324 10:31:01.215" endtime="20230324 10:31:01.258"/>
</kw>
<kw name="Wait Until Element Is Visible" library="SeleniumLibrary">
<arg>xpath://div[@style="width: ${percent_of_progress}%;"]</arg>
<doc>Waits until the element ``locator`` is visible.</doc>
<status status="PASS" starttime="20230324 10:31:01.258" endtime="20230324 10:31:01.500"/>
</kw>
<kw name="Wait Until Element Is Visible" library="SeleniumLibrary">
<arg>xpath://table/tbody/tr[${row_no}]/td[4]/span[3]</arg>
<doc>Waits until the element ``locator`` is visible.</doc>
<status status="PASS" starttime="20230324 10:31:01.501" endtime="20230324 10:31:01.518"/>
</kw>
<status status="PASS" starttime="20230324 10:31:01.153" endtime="20230324 10:31:01.519"/>
</kw>
<kw name="Upload and Validate progress">
<arg>3</arg>
<arg>100</arg>
<kw name="Wait Until Element Is Enabled" library="SeleniumLibrary">
<arg>xpath://table/tbody/tr[${row_no}]/td[5]/button[1]</arg>
<doc>Waits until the element ``locator`` is enabled.</doc>
<status status="PASS" starttime="20230324 10:31:01.520" endtime="20230324 10:31:01.555"/>
</kw>
<kw name="Wait Until Element Is Not Visible" library="SeleniumLibrary">
<arg>xpath://table/tbody/tr[${row_no}]/td[4]/span[3]</arg>
<doc>Waits until the element ``locator`` is not visible.</doc>
<status status="PASS" starttime="20230324 10:31:01.555" endtime="20230324 10:31:01.578"/>
</kw>
<kw name="Click Element" library="SeleniumLibrary">
<arg>xpath://table/tbody/tr[${row_no}]/td[5]/button[1]</arg>
<doc>Click the element identified by ``locator``.</doc>
<msg timestamp="20230324 10:31:01.579" level="INFO">Clicking element 'xpath://table/tbody/tr[3]/td[5]/button[1]'.</msg>
<status status="PASS" starttime="20230324 10:31:01.578" endtime="20230324 10:31:01.621"/>
</kw>
<kw name="Wait Until Element Is Visible" library="SeleniumLibrary">
<arg>xpath://div[@style="width: ${percent_of_progress}%;"]</arg>
<doc>Waits until the element ``locator`` is visible.</doc>
<status status="PASS" starttime="20230324 10:31:01.621" endtime="20230324 10:31:01.895"/>
</kw>
<kw name="Wait Until Element Is Visible" library="SeleniumLibrary">
<arg>xpath://table/tbody/tr[${row_no}]/td[4]/span[3]</arg>
<doc>Waits until the element ``locator`` is visible.</doc>
<status status="PASS" starttime="20230324 10:31:01.896" endtime="20230324 10:31:01.952"/>
</kw>
<status status="PASS" starttime="20230324 10:31:01.519" endtime="20230324 10:31:01.953"/>
</kw>
<status status="PASS" starttime="20230324 10:30:56.920" endtime="20230324 10:31:01.955"/>
</test>
<status status="PASS" starttime="20230324 10:30:56.561" endtime="20230324 10:31:01.960"/>
</suite>
<statistics>
<total>
<stat pass="1" fail="0" skip="0">All Tests</stat>
</total>
<tag>
</tag>
<suite>
<stat pass="1" fail="0" skip="0" id="s1" name="Homework1">Homework1</stat>
</suite>
</statistics>
<errors>
</errors>
</robot>
